[18-Nov-2025 06:26:17 Europe/Berlin] Vehicle API Request: GET /stats
[18-Nov-2025 06:26:17 Europe/Berlin] Vehicle API Request: GET /available
[18-Nov-2025 06:26:17 Europe/Berlin] Getting available vehicles with filters: {"type":null,"brand":null,"search":null,"min_price":null,"max_price":null,"limit":"8","offset":0}
[18-Nov-2025 06:26:19 Europe/Berlin] Vehicle API Request: GET /10
[18-Nov-2025 06:26:22 Europe/Berlin] Vehicle API Request: GET /10
[18-Nov-2025 06:26:36 Europe/Berlin] Vehicle API Request: GET /stats
[18-Nov-2025 06:26:36 Europe/Berlin] Vehicle API Request: GET /available
[18-Nov-2025 06:26:36 Europe/Berlin] Getting available vehicles with filters: {"type":null,"brand":null,"search":null,"min_price":null,"max_price":null,"limit":"8","offset":0}
[18-Nov-2025 06:26:38 Europe/Berlin] Vehicle API Request: GET /8
[18-Nov-2025 06:26:43 Europe/Berlin] Vehicle API Request: GET /available
[18-Nov-2025 06:26:43 Europe/Berlin] Getting available vehicles with filters: {"type":null,"brand":null,"search":null,"min_price":null,"max_price":null,"limit":"12","offset":"0"}
[18-Nov-2025 06:35:21 Europe/Berlin] Vehicle API Request: GET /stats
[18-Nov-2025 06:35:21 Europe/Berlin] Vehicle API Request: GET /available
[18-Nov-2025 06:35:21 Europe/Berlin] Getting available vehicles with filters: {"type":null,"brand":null,"search":null,"min_price":null,"max_price":null,"limit":"8","offset":0}
[18-Nov-2025 06:36:18 Europe/Berlin] Vehicle API Request: GET /available
[18-Nov-2025 06:36:18 Europe/Berlin] Getting available vehicles with filters: {"type":null,"brand":null,"search":null,"min_price":null,"max_price":null,"limit":"12","offset":"0"}
[18-Nov-2025 06:36:19 Europe/Berlin] Vehicle API Request: GET /8
[18-Nov-2025 06:36:39 Europe/Berlin] Vehicle API Request: GET /8
[18-Nov-2025 08:29:25 Europe/Berlin] Vehicle API Request: GET /stats
[18-Nov-2025 08:29:25 Europe/Berlin] Vehicle API Request: GET /available
[18-Nov-2025 08:29:25 Europe/Berlin] Getting available vehicles with filters: {"type":null,"brand":null,"search":null,"min_price":null,"max_price":null,"limit":"8","offset":0}
[18-Nov-2025 08:45:14 Europe/Berlin] Vehicle API Request: GET /health
[18-Nov-2025 08:45:14 Europe/Berlin] Database connection error [vehicle]: SQLSTATE[HY000] [1049] Unknown database 'vehicle_service_db'
[18-Nov-2025 08:45:21 Europe/Berlin] Vehicle API Request: GET /health
[18-Nov-2025 08:45:21 Europe/Berlin] Database connection error [vehicle]: SQLSTATE[HY000] [1049] Unknown database 'vehicle_service_db'
[18-Nov-2025 08:45:21 Europe/Berlin] Vehicle API Request: GET /health
[18-Nov-2025 08:45:21 Europe/Berlin] Database connection error [vehicle]: SQLSTATE[HY000] [1049] Unknown database 'vehicle_service_db'
[18-Nov-2025 08:45:23 Europe/Berlin] Vehicle API Request: GET /health
[18-Nov-2025 08:45:23 Europe/Berlin] Database connection error [vehicle]: SQLSTATE[HY000] [1049] Unknown database 'vehicle_service_db'
[18-Nov-2025 08:45:24 Europe/Berlin] Vehicle API Request: GET /health
[18-Nov-2025 08:45:24 Europe/Berlin] Database connection error [vehicle]: SQLSTATE[HY000] [1049] Unknown database 'vehicle_service_db'
[18-Nov-2025 08:48:22 Europe/Berlin] Vehicle API Request: GET /health
[18-Nov-2025 08:48:40 Europe/Berlin] Vehicle API Request: GET /health
[18-Nov-2025 08:49:38 Europe/Berlin] Vehicle API Request: GET /stats
[18-Nov-2025 08:49:38 Europe/Berlin] Vehicle API Request: GET /available
[18-Nov-2025 08:49:38 Europe/Berlin] Getting available vehicles with filters: {"type":null,"brand":null,"search":null,"min_price":null,"max_price":null,"limit":"8","offset":0}
[18-Nov-2025 08:49:50 Europe/Berlin] Vehicle API Request: GET /stats
[18-Nov-2025 08:49:50 Europe/Berlin] Vehicle API Request: GET /available
[18-Nov-2025 08:49:50 Europe/Berlin] Getting available vehicles with filters: {"type":null,"brand":null,"search":null,"min_price":null,"max_price":null,"limit":"8","offset":0}
[18-Nov-2025 08:54:13 Europe/Berlin] Vehicle API Request: GET /stats
[18-Nov-2025 08:54:13 Europe/Berlin] Vehicle API Request: GET /available
[18-Nov-2025 08:54:13 Europe/Berlin] Getting available vehicles with filters: {"type":null,"brand":null,"search":null,"min_price":null,"max_price":null,"limit":"8","offset":0}
[18-Nov-2025 09:06:36 Europe/Berlin] Vehicle API Request: GET /stats
[18-Nov-2025 09:06:36 Europe/Berlin] Database connection error [vehicle]: SQLSTATE[HY000] [1049] Unknown database 'vehicle_service_db'
[18-Nov-2025 09:06:36 Europe/Berlin] PHP Fatal error:  Uncaught Exception: Could not connect to vehicle database in C:\xampp\htdocs\TransportationRenting\shared\classes\DatabaseManager.php:60
Stack trace:
#0 C:\xampp\htdocs\TransportationRenting\services\vehicle\classes\Vehicle.php(9): DatabaseManager::getInstance('vehicle')
#1 C:\xampp\htdocs\TransportationRenting\services\vehicle\services\VehicleService.php(11): Vehicle->__construct()
#2 C:\xampp\htdocs\TransportationRenting\services\vehicle\public\index.php(80): VehicleService->__construct()
#3 {main}
  thrown in C:\xampp\htdocs\TransportationRenting\shared\classes\DatabaseManager.php on line 60
[18-Nov-2025 09:06:36 Europe/Berlin] Vehicle API Request: GET /available
[18-Nov-2025 09:06:36 Europe/Berlin] Database connection error [vehicle]: SQLSTATE[HY000] [1049] Unknown database 'vehicle_service_db'
[18-Nov-2025 09:06:36 Europe/Berlin] PHP Fatal error:  Uncaught Exception: Could not connect to vehicle database in C:\xampp\htdocs\TransportationRenting\shared\classes\DatabaseManager.php:60
Stack trace:
#0 C:\xampp\htdocs\TransportationRenting\services\vehicle\classes\Vehicle.php(9): DatabaseManager::getInstance('vehicle')
#1 C:\xampp\htdocs\TransportationRenting\services\vehicle\services\VehicleService.php(11): Vehicle->__construct()
#2 C:\xampp\htdocs\TransportationRenting\services\vehicle\public\index.php(80): VehicleService->__construct()
#3 {main}
  thrown in C:\xampp\htdocs\TransportationRenting\shared\classes\DatabaseManager.php on line 60
[18-Nov-2025 09:06:51 Europe/Berlin] Vehicle API Request: GET /stats
[18-Nov-2025 09:06:51 Europe/Berlin] Vehicle API Request: GET /available
[18-Nov-2025 09:06:51 Europe/Berlin] Getting available vehicles with filters: {"type":null,"brand":null,"search":null,"min_price":null,"max_price":null,"limit":"8","offset":0}
[18-Nov-2025 09:07:44 Europe/Berlin] Vehicle API Request: GET /stats
[18-Nov-2025 09:07:44 Europe/Berlin] Vehicle API Request: GET /available
[18-Nov-2025 09:07:44 Europe/Berlin] Getting available vehicles with filters: {"type":null,"brand":null,"search":null,"min_price":null,"max_price":null,"limit":"8","offset":0}
[18-Nov-2025 09:15:11 Europe/Berlin] Vehicle API Request: GET /available
[18-Nov-2025 09:15:11 Europe/Berlin] Getting available vehicles with filters: {"type":null,"brand":null,"search":null,"min_price":null,"max_price":null,"limit":"12","offset":"0"}
[18-Nov-2025 09:15:12 Europe/Berlin] Vehicle API Request: GET /9
[18-Nov-2025 09:15:21 Europe/Berlin] Vehicle API Request: GET /9
